# JRE version: OpenJDK Runtime Environment (8.0_152-b01) (build 1.8.0_152-release-915-b01)
# Java VM: OpenJDK 64-Bit Server VM (25.152-b01 mixed mode windows-amd64 compressed oops)
Heap:
 PSYoungGen      total 302080K, used 62220K [0x00000000eab00000, 0x00000000ffc00000, 0x0000000100000000)
  eden space 259072K, 18% used [0x00000000eab00000,0x00000000ed9bfce8,0x00000000fa800000)
  from space 43008K, 33% used [0x00000000fd200000,0x00000000fe0034d8,0x00000000ffc00000)
  to   space 43008K, 0% used [0x00000000fa800000,0x00000000fa800000,0x00000000fd200000)
 ParOldGen       total 204288K, used 120733K [0x00000000c0000000, 0x00000000cc780000, 0x00000000eab00000)
  object space 204288K, 59% used [0x00000000c0000000,0x00000000c75e7630,0x00000000cc780000)
 Metaspace       used 91513K, capacity 98972K, committed 100824K, reserved 1136640K
  class space    used 11373K, capacity 13107K, committed 13568K, reserved 1048576K
GC Heap History (10 events):
Event: 8077.646 GC heap before
{Heap before GC invocations=71 (full 6):
 PSYoungGen      total 299520K, used 276130K [0x00000000eab00000, 0x00000000ffa00000, 0x0000000100000000)
  eden space 258048K, 100% used [0x00000000eab00000,0x00000000fa700000,0x00000000fa700000)
  from space 41472K, 43% used [0x00000000fd180000,0x00000000fe328aa0,0x00000000ffa00000)
  to   space 42496K, 0% used [0x00000000fa700000,0x00000000fa700000,0x00000000fd080000)
 ParOldGen       total 174592K, used 162754K [0x00000000c0000000, 0x00000000caa80000, 0x00000000eab00000)
  object space 174592K, 93% used [0x00000000c0000000,0x00000000c9ef0968,0x00000000caa80000)
 Metaspace       used 92886K, capacity 100730K, committed 100824K, reserved 1136640K
  class space    used 11696K, capacity 13517K, committed 13568K, reserved 1048576K
Event: 8098.876 GC heap after
Heap after GC invocations=71 (full 6):
 PSYoungGen      total 300544K, used 36532K [0x00000000eab00000, 0x0000000100000000, 0x0000000100000000)
  eden space 258048K, 0% used [0x00000000eab00000,0x00000000eab00000,0x00000000fa700000)
  from space 42496K, 85% used [0x00000000fa700000,0x00000000fcaad238,0x00000000fd080000)
  to   space 47104K, 0% used [0x00000000fd200000,0x00000000fd200000,0x0000000100000000)
 ParOldGen       total 190464K, used 189562K [0x00000000c0000000, 0x00000000cba00000, 0x00000000eab00000)
  object space 190464K, 99% used [0x00000000c0000000,0x00000000cb91e800,0x00000000cba00000)
 Metaspace       used 92886K, capacity 100730K, committed 100824K, reserved 1136640K
  class space    used 11696K, capacity 13517K, committed 13568K, reserved 1048576K
}
Event: 8098.876 GC heap before
{Heap before GC invocations=72 (full 7):
 PSYoungGen      total 300544K, used 36532K [0x00000000eab00000, 0x0000000100000000, 0x0000000100000000)
  eden space 258048K, 0% used [0x00000000eab00000,0x00000000eab00000,0x00000000fa700000)
  from space 42496K, 85% used [0x00000000fa700000,0x00000000fcaad238,0x00000000fd080000)
  to   space 47104K, 0% used [0x00000000fd200000,0x00000000fd200000,0x0000000100000000)
 ParOldGen       total 190464K, used 189562K [0x00000000c0000000, 0x00000000cba00000, 0x00000000eab00000)
  object space 190464K, 99% used [0x00000000c0000000,0x00000000cb91e800,0x00000000cba00000)
 Metaspace       used 92886K, capacity 100730K, committed 100824K, reserved 1136640K
  class space    used 11696K, capacity 13517K, committed 13568K, reserved 1048576K
Event: 8250.419 GC heap after
Heap after GC invocations=72 (full 7):
 PSYoungGen      total 300544K, used 0K [0x00000000eab00000, 0x0000000100000000, 0x0000000100000000)
  eden space 258048K, 0% used [0x00000000eab00000,0x00000000eab00000,0x00000000fa700000)
  from space 42496K, 0% used [0x00000000fa700000,0x00000000fa700000,0x00000000fd080000)
  to   space 47104K, 0% used [0x00000000fd200000,0x00000000fd200000,0x0000000100000000)
 ParOldGen       total 204288K, used 113719K [0x00000000c0000000, 0x00000000cc780000, 0x00000000eab00000)
  object space 204288K, 55% used [0x00000000c0000000,0x00000000c6f0dc78,0x00000000cc780000)
 Metaspace       used 90971K, capacity 98010K, committed 100824K, reserved 1136640K
  class space    used 11303K, capacity 12952K, committed 13568K, reserved 1048576K
}
Event: 8318.511 GC heap before
{Heap before GC invocations=73 (full 7):
 PSYoungGen      total 300544K, used 253206K [0x00000000eab00000, 0x0000000100000000, 0x0000000100000000)
  eden space 258048K, 98% used [0x00000000eab00000,0x00000000fa245988,0x00000000fa700000)
  from space 42496K, 0% used [0x00000000fa700000,0x00000000fa700000,0x00000000fd080000)
  to   space 47104K, 0% used [0x00000000fd200000,0x00000000fd200000,0x0000000100000000)
 ParOldGen       total 204288K, used 113719K [0x00000000c0000000, 0x00000000cc780000, 0x00000000eab00000)
  object space 204288K, 55% used [0x00000000c0000000,0x00000000c6f0dc78,0x00000000cc780000)
 Metaspace       used 91265K, capacity 98590K, committed 100824K, reserved 1136640K
  class space    used 11339K, capacity 13024K, committed 13568K, reserved 1048576K
Event: 8318.576 GC heap after
Heap after GC invocations=73 (full 7):
 PSYoungGen      total 304128K, used 15880K [0x00000000eab00000, 0x0000000100000000, 0x0000000100000000)
  eden space 257024K, 0% used [0x00000000eab00000,0x00000000eab00000,0x00000000fa600000)
  from space 47104K, 33% used [0x00000000fd200000,0x00000000fe182128,0x0000000100000000)
  to   space 45056K, 0% used [0x00000000fa600000,0x00000000fa600000,0x00000000fd200000)
 ParOldGen       total 204288K, used 113727K [0x00000000c0000000, 0x00000000cc780000, 0x00000000eab00000)
  object space 204288K, 55% used [0x00000000c0000000,0x00000000c6f0fc78,0x00000000cc780000)
 Metaspace       used 91265K, capacity 98590K, committed 100824K, reserved 1136640K
  class space    used 11339K, capacity 13024K, committed 13568K, reserved 1048576K
}
Event: 8320.775 GC heap before
{Heap before GC invocations=74 (full 7):
 PSYoungGen      total 304128K, used 272904K [0x00000000eab00000, 0x0000000100000000, 0x0000000100000000)
  eden space 257024K, 100% used [0x00000000eab00000,0x00000000fa600000,0x00000000fa600000)
  from space 47104K, 33% used [0x00000000fd200000,0x00000000fe182128,0x0000000100000000)
  to   space 45056K, 0% used [0x00000000fa600000,0x00000000fa600000,0x00000000fd200000)
 ParOldGen       total 204288K, used 113727K [0x00000000c0000000, 0x00000000cc780000, 0x00000000eab00000)
  object space 204288K, 55% used [0x00000000c0000000,0x00000000c6f0fc78,0x00000000cc780000)
 Metaspace       used 91273K, capacity 98590K, committed 100824K, reserved 1136640K
  class space    used 11339K, capacity 13024K, committed 13568K, reserved 1048576K
Event: 8324.264 GC heap after
Heap after GC invocations=74 (full 7):
 PSYoungGen      total 302080K, used 1582K [0x00000000eab00000, 0x00000000ffe00000, 0x0000000100000000)
  eden space 257024K, 0% used [0x00000000eab00000,0x00000000eab00000,0x00000000fa600000)
  from space 45056K, 3% used [0x00000000fa600000,0x00000000fa78b8d0,0x00000000fd200000)
  to   space 45056K, 0% used [0x00000000fd200000,0x00000000fd200000,0x00000000ffe00000)
 ParOldGen       total 204288K, used 120533K [0x00000000c0000000, 0x00000000cc780000, 0x00000000eab00000)
  object space 204288K, 59% used [0x00000000c0000000,0x00000000c75b55d0,0x00000000cc780000)
 Metaspace       used 91273K, capacity 98590K, committed 100824K, reserved 1136640K
  class space    used 11339K, capacity 13024K, committed 13568K, reserved 1048576K
}
Event: 8683.438 GC heap before
{Heap before GC invocations=75 (full 7):
 PSYoungGen      total 302080K, used 258606K [0x00000000eab00000, 0x00000000ffe00000, 0x0000000100000000)
  eden space 257024K, 100% used [0x00000000eab00000,0x00000000fa600000,0x00000000fa600000)
  from space 45056K, 3% used [0x00000000fa600000,0x00000000fa78b8d0,0x00000000fd200000)
  to   space 45056K, 0% used [0x00000000fd200000,0x00000000fd200000,0x00000000ffe00000)
 ParOldGen       total 204288K, used 120533K [0x00000000c0000000, 0x00000000cc780000, 0x00000000eab00000)
  object space 204288K, 59% used [0x00000000c0000000,0x00000000c75b55d0,0x00000000cc780000)
 Metaspace       used 91513K, capacity 98972K, committed 100824K, reserved 1136640K
  class space    used 11373K, capacity 13107K, committed 13568K, reserved 1048576K
Event: 8683.775 GC heap after
Heap after GC invocations=75 (full 7):
 PSYoungGen      total 302080K, used 14349K [0x00000000eab00000, 0x00000000ffc00000, 0x0000000100000000)
  eden space 259072K, 0% used [0x00000000eab00000,0x00000000eab00000,0x00000000fa800000)
  from space 43008K, 33% used [0x00000000fd200000,0x00000000fe0034d8,0x00000000ffc00000)
  to   space 43008K, 0% used [0x00000000fa800000,0x00000000fa800000,0x00000000fd200000)
 ParOldGen       total 204288K, used 120733K [0x00000000c0000000, 0x00000000cc780000, 0x00000000eab00000)
  object space 204288K, 59% used [0x00000000c0000000,0x00000000c75e7630,0x00000000cc780000)
 Metaspace       used 91513K, capacity 98972K, committed 100824K, reserved 1136640K
  class space    used 11373K, capacity 13107K, committed 13568K, reserved 1048576K
}

