# JRE version: OpenJDK Runtime Environment (8.0_152-b01) (build 1.8.0_152-release-915-b01)
# Java VM: OpenJDK 64-Bit Server VM (25.152-b01 mixed mode windows-amd64 compressed oops)
Heap:
 PSYoungGen      total 71168K, used 67307K [0x00000000e0000000, 0x00000000e5e00000, 0x0000000100000000)
  eden space 57856K, 93% used [0x00000000e0000000,0x00000000e34c2f30,0x00000000e3880000)
  from space 13312K, 99% used [0x00000000e3880000,0x00000000e4578030,0x00000000e4580000)
  to   space 15360K, 0% used [0x00000000e4f00000,0x00000000e4f00000,0x00000000e5e00000)
 ParOldGen       total 78336K, used 38858K [0x00000000a0000000, 0x00000000a4c80000, 0x00000000e0000000)
  object space 78336K, 49% used [0x00000000a0000000,0x00000000a25f2ad0,0x00000000a4c80000)
 Metaspace       used 57156K, capacity 59239K, committed 59480K, reserved 1099776K
  class space    used 7735K, capacity 8280K, committed 8320K, reserved 1048576K
GC Heap History (10 events):
Event: 105.132 GC heap before
{Heap before GC invocations=26 (full 2):
 PSYoungGen      total 53248K, used 49894K [0x00000000e0000000, 0x00000000e4900000, 0x0000000100000000)
  eden space 41472K, 100% used [0x00000000e0000000,0x00000000e2880000,0x00000000e2880000)
  from space 11776K, 71% used [0x00000000e2880000,0x00000000e30b9a88,0x00000000e3400000)
  to   space 12288K, 0% used [0x00000000e3d00000,0x00000000e3d00000,0x00000000e4900000)
 ParOldGen       total 43008K, used 25702K [0x00000000a0000000, 0x00000000a2a00000, 0x00000000e0000000)
  object space 43008K, 59% used [0x00000000a0000000,0x00000000a1919858,0x00000000a2a00000)
 Metaspace       used 53236K, capacity 55121K, committed 55384K, reserved 1097728K
  class space    used 7285K, capacity 7761K, committed 7808K, reserved 1048576K
Event: 105.167 GC heap after
Heap after GC invocations=26 (full 2):
 PSYoungGen      total 61952K, used 8787K [0x00000000e0000000, 0x00000000e4b00000, 0x0000000100000000)
  eden space 49664K, 0% used [0x00000000e0000000,0x00000000e0000000,0x00000000e3080000)
  from space 12288K, 71% used [0x00000000e3d00000,0x00000000e4594d68,0x00000000e4900000)
  to   space 12800K, 0% used [0x00000000e3080000,0x00000000e3080000,0x00000000e3d00000)
 ParOldGen       total 43008K, used 28270K [0x00000000a0000000, 0x00000000a2a00000, 0x00000000e0000000)
  object space 43008K, 65% used [0x00000000a0000000,0x00000000a1b9b858,0x00000000a2a00000)
 Metaspace       used 53236K, capacity 55121K, committed 55384K, reserved 1097728K
  class space    used 7285K, capacity 7761K, committed 7808K, reserved 1048576K
}
Event: 114.844 GC heap before
{Heap before GC invocations=27 (full 2):
 PSYoungGen      total 61952K, used 58451K [0x00000000e0000000, 0x00000000e4b00000, 0x0000000100000000)
  eden space 49664K, 100% used [0x00000000e0000000,0x00000000e3080000,0x00000000e3080000)
  from space 12288K, 71% used [0x00000000e3d00000,0x00000000e4594d68,0x00000000e4900000)
  to   space 12800K, 0% used [0x00000000e3080000,0x00000000e3080000,0x00000000e3d00000)
 ParOldGen       total 43008K, used 28270K [0x00000000a0000000, 0x00000000a2a00000, 0x00000000e0000000)
  object space 43008K, 65% used [0x00000000a0000000,0x00000000a1b9b858,0x00000000a2a00000)
 Metaspace       used 55146K, capacity 57137K, committed 57432K, reserved 1099776K
  class space    used 7517K, capacity 7999K, committed 8064K, reserved 1048576K
Event: 114.883 GC heap after
Heap after GC invocations=27 (full 2):
 PSYoungGen      total 62464K, used 9324K [0x00000000e0000000, 0x00000000e5300000, 0x0000000100000000)
  eden space 49664K, 0% used [0x00000000e0000000,0x00000000e0000000,0x00000000e3080000)
  from space 12800K, 72% used [0x00000000e3080000,0x00000000e399b0d8,0x00000000e3d00000)
  to   space 13312K, 0% used [0x00000000e4600000,0x00000000e4600000,0x00000000e5300000)
 ParOldGen       total 43008K, used 31428K [0x00000000a0000000, 0x00000000a2a00000, 0x00000000e0000000)
  object space 43008K, 73% used [0x00000000a0000000,0x00000000a1eb1180,0x00000000a2a00000)
 Metaspace       used 55146K, capacity 57137K, committed 57432K, reserved 1099776K
  class space    used 7517K, capacity 7999K, committed 8064K, reserved 1048576K
}
Event: 125.382 GC heap before
{Heap before GC invocations=28 (full 2):
 PSYoungGen      total 62464K, used 58988K [0x00000000e0000000, 0x00000000e5300000, 0x0000000100000000)
  eden space 49664K, 100% used [0x00000000e0000000,0x00000000e3080000,0x00000000e3080000)
  from space 12800K, 72% used [0x00000000e3080000,0x00000000e399b0d8,0x00000000e3d00000)
  to   space 13312K, 0% used [0x00000000e4600000,0x00000000e4600000,0x00000000e5300000)
 ParOldGen       total 43008K, used 31428K [0x00000000a0000000, 0x00000000a2a00000, 0x00000000e0000000)
  object space 43008K, 73% used [0x00000000a0000000,0x00000000a1eb1180,0x00000000a2a00000)
 Metaspace       used 55603K, capacity 57615K, committed 57816K, reserved 1099776K
  class space    used 7561K, capacity 8070K, committed 8192K, reserved 1048576K
Event: 125.417 GC heap after
Heap after GC invocations=28 (full 2):
 PSYoungGen      total 70656K, used 2800K [0x00000000e0000000, 0x00000000e5280000, 0x0000000100000000)
  eden space 57856K, 0% used [0x00000000e0000000,0x00000000e0000000,0x00000000e3880000)
  from space 12800K, 21% used [0x00000000e4600000,0x00000000e48bc010,0x00000000e5280000)
  to   space 13312K, 0% used [0x00000000e3880000,0x00000000e3880000,0x00000000e4580000)
 ParOldGen       total 43008K, used 39609K [0x00000000a0000000, 0x00000000a2a00000, 0x00000000e0000000)
  object space 43008K, 92% used [0x00000000a0000000,0x00000000a26ae450,0x00000000a2a00000)
 Metaspace       used 55603K, capacity 57615K, committed 57816K, reserved 1099776K
  class space    used 7561K, capacity 8070K, committed 8192K, reserved 1048576K
}
Event: 125.417 GC heap before
{Heap before GC invocations=29 (full 3):
 PSYoungGen      total 70656K, used 2800K [0x00000000e0000000, 0x00000000e5280000, 0x0000000100000000)
  eden space 57856K, 0% used [0x00000000e0000000,0x00000000e0000000,0x00000000e3880000)
  from space 12800K, 21% used [0x00000000e4600000,0x00000000e48bc010,0x00000000e5280000)
  to   space 13312K, 0% used [0x00000000e3880000,0x00000000e3880000,0x00000000e4580000)
 ParOldGen       total 43008K, used 39609K [0x00000000a0000000, 0x00000000a2a00000, 0x00000000e0000000)
  object space 43008K, 92% used [0x00000000a0000000,0x00000000a26ae450,0x00000000a2a00000)
 Metaspace       used 55603K, capacity 57615K, committed 57816K, reserved 1099776K
  class space    used 7561K, capacity 8070K, committed 8192K, reserved 1048576K
Event: 125.854 GC heap after
Heap after GC invocations=29 (full 3):
 PSYoungGen      total 70656K, used 0K [0x00000000e0000000, 0x00000000e5280000, 0x0000000100000000)
  eden space 57856K, 0% used [0x00000000e0000000,0x00000000e0000000,0x00000000e3880000)
  from space 12800K, 0% used [0x00000000e4600000,0x00000000e4600000,0x00000000e5280000)
  to   space 13312K, 0% used [0x00000000e3880000,0x00000000e3880000,0x00000000e4580000)
 ParOldGen       total 78336K, used 38126K [0x00000000a0000000, 0x00000000a4c80000, 0x00000000e0000000)
  object space 78336K, 48% used [0x00000000a0000000,0x00000000a253baf0,0x00000000a4c80000)
 Metaspace       used 55603K, capacity 57615K, committed 57816K, reserved 1099776K
  class space    used 7561K, capacity 8070K, committed 8192K, reserved 1048576K
}
Event: 129.485 GC heap before
{Heap before GC invocations=30 (full 3):
 PSYoungGen      total 70656K, used 57856K [0x00000000e0000000, 0x00000000e5280000, 0x0000000100000000)
  eden space 57856K, 100% used [0x00000000e0000000,0x00000000e3880000,0x00000000e3880000)
  from space 12800K, 0% used [0x00000000e4600000,0x00000000e4600000,0x00000000e5280000)
  to   space 13312K, 0% used [0x00000000e3880000,0x00000000e3880000,0x00000000e4580000)
 ParOldGen       total 78336K, used 38126K [0x00000000a0000000, 0x00000000a4c80000, 0x00000000e0000000)
  object space 78336K, 48% used [0x00000000a0000000,0x00000000a253baf0,0x00000000a4c80000)
 Metaspace       used 56781K, capacity 58839K, committed 58968K, reserved 1099776K
  class space    used 7699K, capacity 8236K, committed 8320K, reserved 1048576K
Event: 129.503 GC heap after
Heap after GC invocations=30 (full 3):
 PSYoungGen      total 71168K, used 13280K [0x00000000e0000000, 0x00000000e5e00000, 0x0000000100000000)
  eden space 57856K, 0% used [0x00000000e0000000,0x00000000e0000000,0x00000000e3880000)
  from space 13312K, 99% used [0x00000000e3880000,0x00000000e4578030,0x00000000e4580000)
  to   space 15360K, 0% used [0x00000000e4f00000,0x00000000e4f00000,0x00000000e5e00000)
 ParOldGen       total 78336K, used 38858K [0x00000000a0000000, 0x00000000a4c80000, 0x00000000e0000000)
  object space 78336K, 49% used [0x00000000a0000000,0x00000000a25f2ad0,0x00000000a4c80000)
 Metaspace       used 56781K, capacity 58839K, committed 58968K, reserved 1099776K
  class space    used 7699K, capacity 8236K, committed 8320K, reserved 1048576K
}

