# JRE version: OpenJDK Runtime Environment (8.0_152-b01) (build 1.8.0_152-release-915-b01)
# Java VM: OpenJDK 64-Bit Server VM (25.152-b01 mixed mode windows-amd64 compressed oops)
Heap:
 PSYoungGen      total 98816K, used 88064K [0x00000000e0000000, 0x00000000e8180000, 0x0000000100000000)
  eden space 88064K, 100% used [0x00000000e0000000,0x00000000e5600000,0x00000000e5600000)
  from space 10752K, 0% used [0x00000000e5600000,0x00000000e5600000,0x00000000e6080000)
  to   space 11776K, 69% used [0x00000000e7600000,0x00000000e7df41a8,0x00000000e8180000)
 ParOldGen       total 60416K, used 15944K [0x00000000a0000000, 0x00000000a3b00000, 0x00000000e0000000)
  object space 60416K, 26% used [0x00000000a0000000,0x00000000a0f92358,0x00000000a3b00000)
 Metaspace       used 40753K, capacity 41667K, committed 42072K, reserved 1085440K
  class space    used 5409K, capacity 5710K, committed 5760K, reserved 1048576K
GC Heap History (10 events):
Event: 3.491 GC heap after
Heap after GC invocations=7 (full 1):
 PSYoungGen      total 69120K, used 0K [0x00000000e0000000, 0x00000000e4f00000, 0x0000000100000000)
  eden space 61952K, 0% used [0x00000000e0000000,0x00000000e0000000,0x00000000e3c80000)
  from space 7168K, 0% used [0x00000000e4500000,0x00000000e4500000,0x00000000e4c00000)
  to   space 8704K, 0% used [0x00000000e3c80000,0x00000000e3c80000,0x00000000e4500000)
 ParOldGen       total 41472K, used 12106K [0x00000000a0000000, 0x00000000a2880000, 0x00000000e0000000)
  object space 41472K, 29% used [0x00000000a0000000,0x00000000a0bd28d8,0x00000000a2880000)
 Metaspace       used 20586K, capacity 21110K, committed 21248K, reserved 1067008K
  class space    used 2841K, capacity 3010K, committed 3072K, reserved 1048576K
}
Event: 4.499 GC heap before
{Heap before GC invocations=8 (full 1):
 PSYoungGen      total 69120K, used 61952K [0x00000000e0000000, 0x00000000e4f00000, 0x0000000100000000)
  eden space 61952K, 100% used [0x00000000e0000000,0x00000000e3c80000,0x00000000e3c80000)
  from space 7168K, 0% used [0x00000000e4500000,0x00000000e4500000,0x00000000e4c00000)
  to   space 8704K, 0% used [0x00000000e3c80000,0x00000000e3c80000,0x00000000e4500000)
 ParOldGen       total 41472K, used 12106K [0x00000000a0000000, 0x00000000a2880000, 0x00000000e0000000)
  object space 41472K, 29% used [0x00000000a0000000,0x00000000a0bd28d8,0x00000000a2880000)
 Metaspace       used 25168K, capacity 25838K, committed 25984K, reserved 1071104K
  class space    used 3482K, capacity 3702K, committed 3712K, reserved 1048576K
Event: 4.514 GC heap after
Heap after GC invocations=8 (full 1):
 PSYoungGen      total 70656K, used 7226K [0x00000000e0000000, 0x00000000e6c00000, 0x0000000100000000)
  eden space 61952K, 0% used [0x00000000e0000000,0x00000000e0000000,0x00000000e3c80000)
  from space 8704K, 83% used [0x00000000e3c80000,0x00000000e438e888,0x00000000e4500000)
  to   space 9728K, 0% used [0x00000000e6280000,0x00000000e6280000,0x00000000e6c00000)
 ParOldGen       total 41472K, used 12114K [0x00000000a0000000, 0x00000000a2880000, 0x00000000e0000000)
  object space 41472K, 29% used [0x00000000a0000000,0x00000000a0bd48d8,0x00000000a2880000)
 Metaspace       used 25168K, capacity 25838K, committed 25984K, reserved 1071104K
  class space    used 3482K, capacity 3702K, committed 3712K, reserved 1048576K
}
Event: 7.383 GC heap before
{Heap before GC invocations=9 (full 1):
 PSYoungGen      total 70656K, used 69178K [0x00000000e0000000, 0x00000000e6c00000, 0x0000000100000000)
  eden space 61952K, 100% used [0x00000000e0000000,0x00000000e3c80000,0x00000000e3c80000)
  from space 8704K, 83% used [0x00000000e3c80000,0x00000000e438e888,0x00000000e4500000)
  to   space 9728K, 0% used [0x00000000e6280000,0x00000000e6280000,0x00000000e6c00000)
 ParOldGen       total 41472K, used 12114K [0x00000000a0000000, 0x00000000a2880000, 0x00000000e0000000)
  object space 41472K, 29% used [0x00000000a0000000,0x00000000a0bd48d8,0x00000000a2880000)
 Metaspace       used 30134K, capacity 30680K, committed 30976K, reserved 1075200K
  class space    used 4117K, capacity 4291K, committed 4352K, reserved 1048576K
Event: 7.396 GC heap after
Heap after GC invocations=9 (full 1):
 PSYoungGen      total 96768K, used 8382K [0x00000000e0000000, 0x00000000e6b00000, 0x0000000100000000)
  eden space 88064K, 0% used [0x00000000e0000000,0x00000000e0000000,0x00000000e5600000)
  from space 8704K, 96% used [0x00000000e6280000,0x00000000e6aaf8e0,0x00000000e6b00000)
  to   space 10752K, 0% used [0x00000000e5600000,0x00000000e5600000,0x00000000e6080000)
 ParOldGen       total 41472K, used 12122K [0x00000000a0000000, 0x00000000a2880000, 0x00000000e0000000)
  object space 41472K, 29% used [0x00000000a0000000,0x00000000a0bd68d8,0x00000000a2880000)
 Metaspace       used 30134K, capacity 30680K, committed 30976K, reserved 1075200K
  class space    used 4117K, capacity 4291K, committed 4352K, reserved 1048576K
}
Event: 10.495 GC heap before
{Heap before GC invocations=10 (full 1):
 PSYoungGen      total 96768K, used 74286K [0x00000000e0000000, 0x00000000e6b00000, 0x0000000100000000)
  eden space 88064K, 74% used [0x00000000e0000000,0x00000000e405c160,0x00000000e5600000)
  from space 8704K, 96% used [0x00000000e6280000,0x00000000e6aaf8e0,0x00000000e6b00000)
  to   space 10752K, 0% used [0x00000000e5600000,0x00000000e5600000,0x00000000e6080000)
 ParOldGen       total 41472K, used 12122K [0x00000000a0000000, 0x00000000a2880000, 0x00000000e0000000)
  object space 41472K, 29% used [0x00000000a0000000,0x00000000a0bd68d8,0x00000000a2880000)
 Metaspace       used 34432K, capacity 35273K, committed 35416K, reserved 1079296K
  class space    used 4677K, capacity 4957K, committed 4992K, reserved 1048576K
Event: 10.513 GC heap after
Heap after GC invocations=10 (full 1):
 PSYoungGen      total 98816K, used 9955K [0x00000000e0000000, 0x00000000e8180000, 0x0000000100000000)
  eden space 88064K, 0% used [0x00000000e0000000,0x00000000e0000000,0x00000000e5600000)
  from space 10752K, 92% used [0x00000000e5600000,0x00000000e5fb8dc0,0x00000000e6080000)
  to   space 11776K, 0% used [0x00000000e7600000,0x00000000e7600000,0x00000000e8180000)
 ParOldGen       total 41472K, used 12194K [0x00000000a0000000, 0x00000000a2880000, 0x00000000e0000000)
  object space 41472K, 29% used [0x00000000a0000000,0x00000000a0be88e8,0x00000000a2880000)
 Metaspace       used 34432K, capacity 35273K, committed 35416K, reserved 1079296K
  class space    used 4677K, capacity 4957K, committed 4992K, reserved 1048576K
}
Event: 10.513 GC heap before
{Heap before GC invocations=11 (full 2):
 PSYoungGen      total 98816K, used 9955K [0x00000000e0000000, 0x00000000e8180000, 0x0000000100000000)
  eden space 88064K, 0% used [0x00000000e0000000,0x00000000e0000000,0x00000000e5600000)
  from space 10752K, 92% used [0x00000000e5600000,0x00000000e5fb8dc0,0x00000000e6080000)
  to   space 11776K, 0% used [0x00000000e7600000,0x00000000e7600000,0x00000000e8180000)
 ParOldGen       total 41472K, used 12194K [0x00000000a0000000, 0x00000000a2880000, 0x00000000e0000000)
  object space 41472K, 29% used [0x00000000a0000000,0x00000000a0be88e8,0x00000000a2880000)
 Metaspace       used 34432K, capacity 35273K, committed 35416K, reserved 1079296K
  class space    used 4677K, capacity 4957K, committed 4992K, reserved 1048576K
Event: 10.647 GC heap after
Heap after GC invocations=11 (full 2):
 PSYoungGen      total 98816K, used 0K [0x00000000e0000000, 0x00000000e8180000, 0x0000000100000000)
  eden space 88064K, 0% used [0x00000000e0000000,0x00000000e0000000,0x00000000e5600000)
  from space 10752K, 0% used [0x00000000e5600000,0x00000000e5600000,0x00000000e6080000)
  to   space 11776K, 0% used [0x00000000e7600000,0x00000000e7600000,0x00000000e8180000)
 ParOldGen       total 60416K, used 15936K [0x00000000a0000000, 0x00000000a3b00000, 0x00000000e0000000)
  object space 60416K, 26% used [0x00000000a0000000,0x00000000a0f90358,0x00000000a3b00000)
 Metaspace       used 34432K, capacity 35273K, committed 35416K, reserved 1079296K
  class space    used 4677K, capacity 4957K, committed 4992K, reserved 1048576K
}
Event: 11.760 GC heap before
{Heap before GC invocations=12 (full 2):
 PSYoungGen      total 98816K, used 88064K [0x00000000e0000000, 0x00000000e8180000, 0x0000000100000000)
  eden space 88064K, 100% used [0x00000000e0000000,0x00000000e5600000,0x00000000e5600000)
  from space 10752K, 0% used [0x00000000e5600000,0x00000000e5600000,0x00000000e6080000)
  to   space 11776K, 0% used [0x00000000e7600000,0x00000000e7600000,0x00000000e8180000)
 ParOldGen       total 60416K, used 15936K [0x00000000a0000000, 0x00000000a3b00000, 0x00000000e0000000)
  object space 60416K, 26% used [0x00000000a0000000,0x00000000a0f90358,0x00000000a3b00000)
 Metaspace       used 40753K, capacity 41667K, committed 42072K, reserved 1085440K
  class space    used 5409K, capacity 5710K, committed 5760K, reserved 1048576K

